/usr/synopsys/syn/T-2022.03-SP5-6/auxx/gui/dv/dv_setup.tcl
/usr/synopsys/syn/T-2022.03-SP5-6/auxx/gui/syn/snpsSynProcs.tcl
/usr/synopsys/syn/T-2022.03-SP5-6/auxx/gui/syn/layout/pkgIndex.tcl
/usr/synopsys/syn/T-2022.03-SP5-6/auxx/gui/common/3dic/pkgIndex.tcl
/usr/synopsys/syn/T-2022.03-SP5-6/auxx/gui/common/3dlayout/pkgIndex.tcl
/usr/synopsys/syn/T-2022.03-SP5-6/auxx/gui/common/3dmodel/pkgIndex.tcl
/usr/synopsys/syn/T-2022.03-SP5-6/auxx/gui/common/WindowFrameWork/pkgIndex.tcl
/usr/synopsys/syn/T-2022.03-SP5-6/auxx/gui/common/acg/pkgIndex.tcl
/usr/synopsys/syn/T-2022.03-SP5-6/auxx/gui/common/commandform/pkgIndex.tcl
/usr/synopsys/syn/T-2022.03-SP5-6/auxx/gui/common/dialogs/pkgIndex.tcl
/usr/synopsys/syn/T-2022.03-SP5-6/auxx/gui/common/docBrowser/pkgIndex.tcl
/usr/synopsys/syn/T-2022.03-SP5-6/auxx/gui/common/hierAttrView/pkgIndex.tcl
/usr/synopsys/syn/T-2022.03-SP5-6/auxx/gui/common/hierarchy/pkgIndex.tcl
/usr/synopsys/syn/T-2022.03-SP5-6/auxx/gui/common/highlight/pkgIndex.tcl
/usr/synopsys/syn/T-2022.03-SP5-6/auxx/gui/common/histogram/pkgIndex.tcl
/usr/synopsys/syn/T-2022.03-SP5-6/auxx/gui/common/layout/pkgIndex.tcl
/usr/synopsys/syn/T-2022.03-SP5-6/auxx/gui/common/libviewer/pkgIndex.tcl
/usr/synopsys/syn/T-2022.03-SP5-6/auxx/gui/common/menus/pkgIndex.tcl
/usr/synopsys/syn/T-2022.03-SP5-6/auxx/gui/common/misc/pkgIndex.tcl
/usr/synopsys/syn/T-2022.03-SP5-6/auxx/gui/common/mrupalette/pkgIndex.tcl
/usr/synopsys/syn/T-2022.03-SP5-6/auxx/gui/common/opdlg/pkgIndex.tcl
/usr/synopsys/syn/T-2022.03-SP5-6/auxx/gui/common/palettegroup/pkgIndex.tcl
/usr/synopsys/syn/T-2022.03-SP5-6/auxx/gui/common/propertyEditor/pkgIndex.tcl
/usr/synopsys/syn/T-2022.03-SP5-6/auxx/gui/common/qtcl/pkgIndex.tcl
/usr/synopsys/syn/T-2022.03-SP5-6/auxx/gui/common/regressionToolkit/pkgIndex.tcl
/usr/synopsys/syn/T-2022.03-SP5-6/auxx/gui/common/rtlxref/pkgIndex.tcl
/usr/synopsys/syn/T-2022.03-SP5-6/auxx/gui/common/schematic/pkgIndex.tcl
/usr/synopsys/syn/T-2022.03-SP5-6/auxx/gui/common/select/pkgIndex.tcl
/usr/synopsys/syn/T-2022.03-SP5-6/auxx/gui/common/setup/pkgIndex.tcl
/usr/synopsys/syn/T-2022.03-SP5-6/auxx/gui/common/strokes/pkgIndex.tcl
/usr/synopsys/syn/T-2022.03-SP5-6/auxx/gui/common/table/pkgIndex.tcl
/usr/synopsys/syn/T-2022.03-SP5-6/auxx/gui/common/taskassistant/pkgIndex.tcl
/usr/synopsys/syn/T-2022.03-SP5-6/auxx/gui/common/tcl-dp/pkgIndex.tcl
/usr/synopsys/syn/T-2022.03-SP5-6/auxx/gui/common/tiledview/pkgIndex.tcl
/usr/synopsys/syn/T-2022.03-SP5-6/auxx/gui/common/timing/pkgIndex.tcl
/usr/synopsys/syn/T-2022.03-SP5-6/auxx/gui/common/tq/pkgIndex.tcl
/usr/synopsys/syn/T-2022.03-SP5-6/auxx/gui/common/utable/pkgIndex.tcl
/usr/synopsys/syn/T-2022.03-SP5-6/auxx/gui/common/view/pkgIndex.tcl
/usr/synopsys/syn/T-2022.03-SP5-6/auxx/gui/dv/pkgIndex.tcl
/usr/synopsys/syn/T-2022.03-SP5-6/auxx/syn/lib/pkgIndex.tcl
/usr/synopsys/syn/T-2022.03-SP5-6/auxx/tcllib/lib/itcl4.2.1/pkgIndex.tcl
/usr/synopsys/syn/T-2022.03-SP5-6/auxx/tcllib/lib/iwidgets4.1/pkgIndex.tcl
/usr/synopsys/syn/T-2022.03-SP5-6/auxx/tcllib/snps_tcl/snpsTclPro/pkgIndex.tcl
/usr/synopsys/syn/T-2022.03-SP5-6/auxx/tcllib/snps_tcl/snpsTest/pkgIndex.tcl
/usr/synopsys/syn/T-2022.03-SP5-6/auxx/tcllib/snps_tcl/snpsUtils/pkgIndex.tcl
/usr/synopsys/syn/T-2022.03-SP5-6/auxx/tcllib/snps_tcl/pkgIndex.tcl
/usr/synopsys/syn/T-2022.03-SP5-6/auxx/tcllib/lib/tcl8.6/dde/pkgIndex.tcl
/usr/synopsys/syn/T-2022.03-SP5-6/auxx/tcllib/lib/tcl8.6/http/pkgIndex.tcl
/usr/synopsys/syn/T-2022.03-SP5-6/auxx/tcllib/lib/tcl8.6/http1.0/pkgIndex.tcl
/usr/synopsys/syn/T-2022.03-SP5-6/auxx/tcllib/lib/tcl8.6/msgcat/pkgIndex.tcl
/usr/synopsys/syn/T-2022.03-SP5-6/auxx/tcllib/lib/tcl8.6/opt/pkgIndex.tcl
/usr/synopsys/syn/T-2022.03-SP5-6/auxx/tcllib/lib/tcl8.6/platform/pkgIndex.tcl
/usr/synopsys/syn/T-2022.03-SP5-6/auxx/tcllib/lib/tcl8.6/reg/pkgIndex.tcl
/usr/synopsys/syn/T-2022.03-SP5-6/auxx/tcllib/lib/tcl8.6/tcltest/pkgIndex.tcl
/usr/synopsys/syn/T-2022.03-SP5-6/auxx/gui/common/setup/snpsCommonSetup.tcl
/usr/synopsys/syn/T-2022.03-SP5-6/auxx/gui/common/setup/snpsCustomize.tcl
/usr/synopsys/syn/T-2022.03-SP5-6/auxx/gui/common/setup/snpsProcheck.tcl
/usr/synopsys/syn/T-2022.03-SP5-6/auxx/gui/common/misc/base.tcl
/usr/synopsys/syn/T-2022.03-SP5-6/auxx/gui/common/misc/timing.tcl
/usr/synopsys/syn/T-2022.03-SP5-6/auxx/gui/common/misc/setting.tcl
/usr/synopsys/syn/T-2022.03-SP5-6/auxx/gui/common/misc/preset.tcl
/usr/synopsys/syn/T-2022.03-SP5-6/auxx/gui/common/WindowFrameWork/windowFrameWork.tcl
/usr/synopsys/syn/T-2022.03-SP5-6/auxx/gui/common/WindowFrameWork/skipBusyCursorCmdList.tcl
/usr/synopsys/syn/T-2022.03-SP5-6/auxx/gui/common/qtcl/.synopsys_qtcl.tcl
/usr/synopsys/syn/T-2022.03-SP5-6/auxx/gui/common/highlight/highlight.tcl
/usr/synopsys/syn/T-2022.03-SP5-6/auxx/gui/common/palettegroup/palettegroup.tcl
/usr/synopsys/syn/T-2022.03-SP5-6/auxx/gui/common/commandform/commandform.tcl
/usr/synopsys/syn/T-2022.03-SP5-6/auxx/gui/common/tiledview/tiledview.tcl
/usr/synopsys/syn/T-2022.03-SP5-6/auxx/gui/common/docBrowser/docBrowser.tcl
/usr/synopsys/syn/T-2022.03-SP5-6/auxx/tcllib/snps_tcl/snpsUtils/snpsUtils.tcl
/usr/synopsys/syn/T-2022.03-SP5-6/auxx/gui/common/dialogs/ObjectChooser.tcl
/usr/synopsys/syn/T-2022.03-SP5-6/auxx/gui/common/misc/DialogObjectChooser.tcl
/usr/synopsys/syn/T-2022.03-SP5-6/auxx/gui/common/dialogs/HistBinInformation.tcl
/usr/synopsys/syn/T-2022.03-SP5-6/auxx/gui/common/dialogs/HistBin1Information.tcl
/usr/synopsys/syn/T-2022.03-SP5-6/auxx/gui/common/dialogs/BinsOnlyInformation.tcl
/usr/synopsys/syn/T-2022.03-SP5-6/auxx/gui/common/dialogs/FileChooser.tcl
/usr/synopsys/syn/T-2022.03-SP5-6/auxx/gui/common/dialogs/PathPinSimpleInfo.tcl
/usr/synopsys/syn/T-2022.03-SP5-6/auxx/gui/common/dialogs/PathsBasicInfo.tcl
/usr/synopsys/syn/T-2022.03-SP5-6/auxx/gui/common/dialogs/PathsBasicSimpleInfo.tcl
/usr/synopsys/syn/T-2022.03-SP5-6/auxx/gui/common/dialogs/SlctOperationInfo.tcl
/usr/synopsys/syn/T-2022.03-SP5-6/auxx/gui/common/dialogs/ObjectListInfo.tcl
/usr/synopsys/syn/T-2022.03-SP5-6/auxx/gui/common/dialogs/FanInOutInfo.tcl
/usr/synopsys/syn/T-2022.03-SP5-6/auxx/gui/common/dialogs/NumberOfLevelsChooser.tcl
/usr/synopsys/syn/T-2022.03-SP5-6/auxx/gui/common/dialogs/WindowReuseInfo.tcl
/usr/synopsys/syn/T-2022.03-SP5-6/auxx/gui/common/dialogs/ReportOutputOptionInfo.tcl
/usr/synopsys/syn/T-2022.03-SP5-6/auxx/gui/common/setup/snpsCollections.tcl
/usr/synopsys/syn/T-2022.03-SP5-6/auxx/gui/common/dialogs/CompileLinkDesign.tcl
/usr/synopsys/syn/T-2022.03-SP5-6/auxx/gui/common/histogram/base.tcl
/usr/synopsys/syn/T-2022.03-SP5-6/auxx/gui/common/histogram/DialogNetCapacitance.tcl
/usr/synopsys/syn/T-2022.03-SP5-6/auxx/gui/common/schematic/DialogPathSchematicFanInOut.tcl
/usr/synopsys/syn/T-2022.03-SP5-6/auxx/gui/common/schematic/DialogPathSchematicAddPaths.tcl
/home/dhanvanti/vsd_sfal/SFAL_SOCDESIGN/vsdcaravel_scl180/synthesis/synth.tcl
/usr/synopsys/syn/T-2022.03-SP5-6/libraries/syn/gtech.db
/usr/synopsys/syn/T-2022.03-SP5-6/libraries/syn/standard.sldb
/home/dhanvanti/scl_pdk_v2/iolib/cio250/synopsys/2002.05/models/tsl18cio250_typ.db
/home/dhanvanti/scl_pdk_v2/stdlib/fs120/liberty/lib_flow_ff/tsl18fs120_scl_ff.db
/home/dhanvanti/vsd_sfal/SFAL_SOCDESIGN/vsdcaravel_scl180/rtl/defines.v
/home/dhanvanti/vsd_sfal/SFAL_SOCDESIGN/vsdcaravel_scl180/rtl/defines.v
/home/dhanvanti/vsd_sfal/SFAL_SOCDESIGN/vsdcaravel_scl180/rtl/defines.v
/home/dhanvanti/vsd_sfal/SFAL_SOCDESIGN/vsdcaravel_scl180/rtl/__user_project_wrapper.v
/home/dhanvanti/vsd_sfal/SFAL_SOCDESIGN/vsdcaravel_scl180/rtl/defines.v
/home/dhanvanti/vsd_sfal/SFAL_SOCDESIGN/vsdcaravel_scl180/rtl/debug_regs.v
/home/dhanvanti/vsd_sfal/SFAL_SOCDESIGN/vsdcaravel_scl180/rtl/defines.v
/home/dhanvanti/vsd_sfal/SFAL_SOCDESIGN/vsdcaravel_scl180/rtl/debug_regs.v
/home/dhanvanti/vsd_sfal/SFAL_SOCDESIGN/vsdcaravel_scl180/rtl/copyright_block.v
/home/dhanvanti/vsd_sfal/SFAL_SOCDESIGN/vsdcaravel_scl180/rtl/caravel_logo.v
/home/dhanvanti/vsd_sfal/SFAL_SOCDESIGN/vsdcaravel_scl180/rtl/caravel_motto.v
/home/dhanvanti/vsd_sfal/SFAL_SOCDESIGN/vsdcaravel_scl180/rtl/open_source.v
/home/dhanvanti/vsd_sfal/SFAL_SOCDESIGN/vsdcaravel_scl180/rtl/user_id_textblock.v
/home/dhanvanti/vsd_sfal/SFAL_SOCDESIGN/vsdcaravel_scl180/rtl/caravel_core.v
/home/dhanvanti/vsd_sfal/SFAL_SOCDESIGN/vsdcaravel_scl180/rtl/mprj_io_buffer.v
/home/dhanvanti/vsd_sfal/SFAL_SOCDESIGN/vsdcaravel_scl180/rtl/manual_power_connections.v
/home/dhanvanti/vsd_sfal/SFAL_SOCDESIGN/vsdcaravel_scl180/rtl/empty_macro.v
/home/dhanvanti/vsd_sfal/SFAL_SOCDESIGN/vsdcaravel_scl180/rtl/mprj_io_buffer.v
/home/dhanvanti/vsd_sfal/SFAL_SOCDESIGN/vsdcaravel_scl180/rtl/manual_power_connections.v
/home/dhanvanti/vsd_sfal/SFAL_SOCDESIGN/vsdcaravel_scl180/rtl/empty_macro.v
/home/dhanvanti/vsd_sfal/SFAL_SOCDESIGN/vsdcaravel_scl180/rtl/digital_pll_controller.v
/home/dhanvanti/vsd_sfal/SFAL_SOCDESIGN/vsdcaravel_scl180/rtl/ring_osc2x13.v
/home/dhanvanti/vsd_sfal/SFAL_SOCDESIGN/vsdcaravel_scl180/rtl/dummy_scl180_conb_1.v
/home/dhanvanti/vsd_sfal/SFAL_SOCDESIGN/vsdcaravel_scl180/rtl/dummy_schmittbuf.v
/home/dhanvanti/vsd_sfal/SFAL_SOCDESIGN/vsdcaravel_scl180/rtl/scl180_macro_sparecell.v
/home/dhanvanti/vsd_sfal/SFAL_SOCDESIGN/vsdcaravel_scl180/rtl/RAM256.v
/home/dhanvanti/vsd_sfal/SFAL_SOCDESIGN/vsdcaravel_scl180/rtl/RAM128.v
/home/dhanvanti/vsd_sfal/SFAL_SOCDESIGN/vsdcaravel_scl180/rtl/VexRiscv_MinDebugCache.v
/home/dhanvanti/vsd_sfal/SFAL_SOCDESIGN/vsdcaravel_scl180/rtl/mgmt_core.v
/home/dhanvanti/vsd_sfal/SFAL_SOCDESIGN/vsdcaravel_scl180/rtl/RAM256.v
/home/dhanvanti/vsd_sfal/SFAL_SOCDESIGN/vsdcaravel_scl180/rtl/RAM128.v
/home/dhanvanti/vsd_sfal/SFAL_SOCDESIGN/vsdcaravel_scl180/rtl/VexRiscv_MinDebugCache.v
/home/dhanvanti/vsd_sfal/SFAL_SOCDESIGN/vsdcaravel_scl180/rtl/dummy_scl180_conb_1.v
/home/dhanvanti/vsd_sfal/SFAL_SOCDESIGN/vsdcaravel_scl180/rtl/copyright_block.v
/home/dhanvanti/vsd_sfal/SFAL_SOCDESIGN/vsdcaravel_scl180/rtl/caravel_logo.v
/home/dhanvanti/vsd_sfal/SFAL_SOCDESIGN/vsdcaravel_scl180/rtl/caravel_motto.v
/home/dhanvanti/vsd_sfal/SFAL_SOCDESIGN/vsdcaravel_scl180/rtl/open_source.v
/home/dhanvanti/vsd_sfal/SFAL_SOCDESIGN/vsdcaravel_scl180/rtl/user_id_textblock.v
/home/dhanvanti/vsd_sfal/SFAL_SOCDESIGN/vsdcaravel_scl180/rtl/caravel_core.v
/home/dhanvanti/vsd_sfal/SFAL_SOCDESIGN/vsdcaravel_scl180/rtl/mprj_io_buffer.v
/home/dhanvanti/vsd_sfal/SFAL_SOCDESIGN/vsdcaravel_scl180/rtl/manual_power_connections.v
/home/dhanvanti/vsd_sfal/SFAL_SOCDESIGN/vsdcaravel_scl180/rtl/empty_macro.v
/home/dhanvanti/vsd_sfal/SFAL_SOCDESIGN/vsdcaravel_scl180/rtl/scl180_macro_sparecell.v
/home/dhanvanti/vsd_sfal/SFAL_SOCDESIGN/vsdcaravel_scl180/rtl/mgmt_core.v
/home/dhanvanti/vsd_sfal/SFAL_SOCDESIGN/vsdcaravel_scl180/rtl/RAM256.v
/home/dhanvanti/vsd_sfal/SFAL_SOCDESIGN/vsdcaravel_scl180/rtl/RAM128.v
/home/dhanvanti/vsd_sfal/SFAL_SOCDESIGN/vsdcaravel_scl180/rtl/VexRiscv_MinDebugCache.v
/home/dhanvanti/vsd_sfal/SFAL_SOCDESIGN/vsdcaravel_scl180/rtl/digital_pll_controller.v
/home/dhanvanti/vsd_sfal/SFAL_SOCDESIGN/vsdcaravel_scl180/rtl/ring_osc2x13.v
/home/dhanvanti/vsd_sfal/SFAL_SOCDESIGN/vsdcaravel_scl180/rtl/dummy_scl180_conb_1.v
/home/dhanvanti/vsd_sfal/SFAL_SOCDESIGN/vsdcaravel_scl180/rtl/copyright_block.v
/home/dhanvanti/vsd_sfal/SFAL_SOCDESIGN/vsdcaravel_scl180/rtl/caravel_logo.v
/home/dhanvanti/vsd_sfal/SFAL_SOCDESIGN/vsdcaravel_scl180/rtl/caravel_motto.v
/home/dhanvanti/vsd_sfal/SFAL_SOCDESIGN/vsdcaravel_scl180/rtl/open_source.v
/home/dhanvanti/vsd_sfal/SFAL_SOCDESIGN/vsdcaravel_scl180/rtl/user_id_textblock.v
/home/dhanvanti/vsd_sfal/SFAL_SOCDESIGN/vsdcaravel_scl180/rtl/caravel_core.v
/home/dhanvanti/vsd_sfal/SFAL_SOCDESIGN/vsdcaravel_scl180/rtl/mprj_io_buffer.v
/home/dhanvanti/vsd_sfal/SFAL_SOCDESIGN/vsdcaravel_scl180/rtl/manual_power_connections.v
/home/dhanvanti/vsd_sfal/SFAL_SOCDESIGN/vsdcaravel_scl180/rtl/empty_macro.v
/home/dhanvanti/vsd_sfal/SFAL_SOCDESIGN/vsdcaravel_scl180/rtl/dummy_schmittbuf.v
/home/dhanvanti/vsd_sfal/SFAL_SOCDESIGN/vsdcaravel_scl180/rtl/defines.v
/home/dhanvanti/vsd_sfal/SFAL_SOCDESIGN/vsdcaravel_scl180/rtl/__user_project_wrapper.v
/home/dhanvanti/vsd_sfal/SFAL_SOCDESIGN/vsdcaravel_scl180/rtl/defines.v
/home/dhanvanti/vsd_sfal/SFAL_SOCDESIGN/vsdcaravel_scl180/rtl/debug_regs.v
/home/dhanvanti/vsd_sfal/SFAL_SOCDESIGN/vsdcaravel_scl180/rtl/copyright_block.v
/home/dhanvanti/vsd_sfal/SFAL_SOCDESIGN/vsdcaravel_scl180/rtl/caravel_logo.v
/home/dhanvanti/vsd_sfal/SFAL_SOCDESIGN/vsdcaravel_scl180/rtl/caravel_motto.v
/home/dhanvanti/vsd_sfal/SFAL_SOCDESIGN/vsdcaravel_scl180/rtl/open_source.v
/home/dhanvanti/vsd_sfal/SFAL_SOCDESIGN/vsdcaravel_scl180/rtl/user_id_textblock.v
/home/dhanvanti/vsd_sfal/SFAL_SOCDESIGN/vsdcaravel_scl180/rtl/caravel_core.v
/home/dhanvanti/vsd_sfal/SFAL_SOCDESIGN/vsdcaravel_scl180/rtl/mprj_io_buffer.v
/home/dhanvanti/vsd_sfal/SFAL_SOCDESIGN/vsdcaravel_scl180/rtl/manual_power_connections.v
/home/dhanvanti/vsd_sfal/SFAL_SOCDESIGN/vsdcaravel_scl180/rtl/empty_macro.v
/home/dhanvanti/scl_pdk_v2/iolib/cio250/synopsys/2002.05/models/tsl18cio250_typ.db
/home/dhanvanti/scl_pdk_v2/stdlib/fs120/liberty/lib_flow_ff/tsl18fs120_scl_ff.db
/home/dhanvanti/scl_pdk_v2/iolib/cio250/synopsys/2002.05/models/tsl18cio250_typ.db
/home/dhanvanti/scl_pdk_v2/stdlib/fs120/liberty/lib_flow_ff/tsl18fs120_scl_ff.db
